<?xml version="1.0" encoding="UTF-8"?>
<Site BuildName="Linux-clang++-16"
	BuildStamp="20240426-0739-Experimental"
	Name="mads-hyrup-P03RGS"
	Generator="ctest-3.27.4"
	CompilerName="/usr/bin/clang++-16"
	CompilerVersion="16.0.6"
	OSName="Linux"
	Hostname="mads-hyrup-P03RGS"
	OSRelease="6.5.0-28-generic"
	OSVersion="#29-Ubuntu SMP PREEMPT_DYNAMIC Thu Mar 28 23:46:48 UTC 2024"
	OSPlatform="x86_64"
	Is64Bits="1"
	VendorString="GenuineIntel"
	VendorID="Intel Corporation"
	FamilyID="6"
	ModelID="186"
	ProcessorCacheSize="18432"
	NumberOfLogicalCPU="16"
	NumberOfPhysicalCPU="12"
	TotalVirtualMemory="4095"
	TotalPhysicalMemory="15531"
	LogicalProcessorsPerPhysical="1"
	ProcessorClockFrequency="1899.81"
	>
	<Testing>
		<StartDateTime>Apr 26 09:39 CEST</StartDateTime>
		<StartTestTime>1714117174</StartTestTime>
		<TestList/>
		<EndDateTime>Apr 26 09:39 CEST</EndDateTime>
		<EndTestTime>1714117174</EndTestTime>
		<ElapsedMinutes>0</ElapsedMinutes>
	</Testing>
</Site>
