<?xml version="1.0" encoding="UTF-8"?>
<Site BuildName="Linux-g++"
	BuildStamp="20240329-2025-Experimental"
	Name="mads-hyrup-P03RGS"
	Generator="ctest-3.27.4"
	CompilerName="/usr/bin/g++"
	CompilerVersion="13.2.0"
	OSName="Linux"
	Hostname="mads-hyrup-P03RGS"
	OSRelease="6.5.0-26-generic"
	OSVersion="#26-Ubuntu SMP PREEMPT_DYNAMIC Tue Mar  5 21:19:28 UTC 2024"
	OSPlatform="x86_64"
	Is64Bits="1"
	VendorString="GenuineIntel"
	VendorID="Intel Corporation"
	FamilyID="6"
	ModelID="186"
	ProcessorCacheSize="18432"
	NumberOfLogicalCPU="16"
	NumberOfPhysicalCPU="12"
	TotalVirtualMemory="4095"
	TotalPhysicalMemory="15531"
	LogicalProcessorsPerPhysical="1"
	ProcessorClockFrequency="3571.08"
	>
	<Testing>
		<StartDateTime>Mar 29 21:25 CET</StartDateTime>
		<StartTestTime>1711743920</StartTestTime>
		<TestList/>
		<EndDateTime>Mar 29 21:25 CET</EndDateTime>
		<EndTestTime>1711743920</EndTestTime>
		<ElapsedMinutes>0</ElapsedMinutes>
	</Testing>
</Site>
