<?xml version="1.0" encoding="UTF-8"?>
<Site BuildName="Linux-g++"
	BuildStamp="20240305-0837-Experimental"
	Name="mads-hyrup-P03RGS"
	Generator="ctest-3.27.4"
	CompilerName="/usr/bin/g++"
	CompilerVersion="13.2.0"
	OSName="Linux"
	Hostname="mads-hyrup-P03RGS"
	OSRelease="6.5.0-21-generic"
	OSVersion="#21-Ubuntu SMP PREEMPT_DYNAMIC Wed Feb  7 14:17:40 UTC 2024"
	OSPlatform="x86_64"
	Is64Bits="1"
	VendorString="GenuineIntel"
	VendorID="Intel Corporation"
	FamilyID="6"
	ModelID="186"
	ProcessorCacheSize="18432"
	NumberOfLogicalCPU="16"
	NumberOfPhysicalCPU="12"
	TotalVirtualMemory="4095"
	TotalPhysicalMemory="15531"
	LogicalProcessorsPerPhysical="1"
	ProcessorClockFrequency="3111.9"
	>
	<Testing>
		<StartDateTime>Mar 05 11:41 CET</StartDateTime>
		<StartTestTime>1709635312</StartTestTime>
		<TestList/>
		<EndDateTime>Mar 05 11:41 CET</EndDateTime>
		<EndTestTime>1709635312</EndTestTime>
		<ElapsedMinutes>0</ElapsedMinutes>
	</Testing>
</Site>
