<?xml version="1.0" encoding="UTF-8"?>
<Site BuildName="Linux-g++"
	BuildStamp="20240318-0851-Experimental"
	Name="mads-hyrup-P03RGS"
	Generator="ctest-3.27.4"
	CompilerName="/usr/bin/g++"
	CompilerVersion="13.2.0"
	OSName="Linux"
	Hostname="mads-hyrup-P03RGS"
	OSRelease="6.5.0-25-generic"
	OSVersion="#25-Ubuntu SMP PREEMPT_DYNAMIC Wed Feb  7 14:58:39 UTC 2024"
	OSPlatform="x86_64"
	Is64Bits="1"
	VendorString="GenuineIntel"
	VendorID="Intel Corporation"
	FamilyID="6"
	ModelID="186"
	ProcessorCacheSize="18432"
	NumberOfLogicalCPU="16"
	NumberOfPhysicalCPU="12"
	TotalVirtualMemory="4095"
	TotalPhysicalMemory="15531"
	LogicalProcessorsPerPhysical="1"
	ProcessorClockFrequency="3576.25"
	>
	<Testing>
		<StartDateTime>Mar 18 20:48 CET</StartDateTime>
		<StartTestTime>1710791299</StartTestTime>
		<TestList/>
		<EndDateTime>Mar 18 20:48 CET</EndDateTime>
		<EndTestTime>1710791299</EndTestTime>
		<ElapsedMinutes>0</ElapsedMinutes>
	</Testing>
</Site>
