<?xml version="1.0" encoding="UTF-8"?>
<Site BuildName="Linux-g++"
	BuildStamp="20240408-1057-Experimental"
	Name="mads-hyrup-P03RGS"
	Generator="ctest-3.27.4"
	CompilerName="/usr/bin/g++"
	CompilerVersion="13.2.0"
	OSName="Linux"
	Hostname="mads-hyrup-P03RGS"
	OSRelease="6.5.0-26-generic"
	OSVersion="#26-Ubuntu SMP PREEMPT_DYNAMIC Tue Mar  5 21:19:28 UTC 2024"
	OSPlatform="x86_64"
	Is64Bits="1"
	VendorString="GenuineIntel"
	VendorID="Intel Corporation"
	FamilyID="6"
	ModelID="186"
	ProcessorCacheSize="18432"
	NumberOfLogicalCPU="16"
	NumberOfPhysicalCPU="12"
	TotalVirtualMemory="4095"
	TotalPhysicalMemory="15531"
	LogicalProcessorsPerPhysical="1"
	ProcessorClockFrequency="2955.18"
	>
	<Testing>
		<StartDateTime>Apr 08 13:32 CEST</StartDateTime>
		<StartTestTime>1712575965</StartTestTime>
		<TestList/>
		<EndDateTime>Apr 08 13:32 CEST</EndDateTime>
		<EndTestTime>1712575965</EndTestTime>
		<ElapsedMinutes>0</ElapsedMinutes>
	</Testing>
</Site>
